[1023/151135.048:INFO:CONSOLE(123)] "Event handler of 'x-storagemutated-1' event must be added on the initial evaluation of worker script.", source: https://static.whatsapp.net/rsrc.php/v3/yy/r/bSIryC6mtFk.js (123)
[1023/151135.449:INFO:CONSOLE(0)] "Error with Permissions-Policy header: Feature xr-spatial-tracking's parameters are ignored.", source:  (0)
[1023/151135.449:INFO:CONSOLE(0)] "Error with Permissions-Policy header: Origin trial controlled feature not enabled: 'attribution-reporting'.", source:  (0)
[1023/151135.449:INFO:CONSOLE(0)] "Error with Permissions-Policy header: Unrecognized feature: 'bluetooth'.", source:  (0)
[1023/151135.459:INFO:CONSOLE(0)] "Error with Permissions-Policy header: Unrecognized feature: 'ch-save-data'.", source:  (0)
[1023/151135.459:INFO:CONSOLE(0)] "Error with Permissions-Policy header: Origin trial controlled feature not enabled: 'ch-viewport-height'.", source:  (0)
[1023/151135.459:INFO:CONSOLE(0)] "Error with Permissions-Policy header: Unrecognized feature: 'compute-pressure'.", source:  (0)
[1023/151135.459:INFO:CONSOLE(0)] "Error with Permissions-Policy header: Unrecognized feature: 'gamepad'.", source:  (0)
[1023/151135.459:INFO:CONSOLE(0)] "Error with Permissions-Policy header: Unrecognized feature: 'interest-cohort'.", source:  (0)
[1023/151135.459:INFO:CONSOLE(0)] "Error with Permissions-Policy header: Unrecognized feature: 'local-fonts'.", source:  (0)
[1023/151135.459:INFO:CONSOLE(0)] "Error with Permissions-Policy header: Unrecognized feature: 'private-state-token-issuance'.", source:  (0)
[1023/151135.460:INFO:CONSOLE(0)] "Error with Permissions-Policy header: Unrecognized feature: 'shared-storage'.", source:  (0)
[1023/151135.460:INFO:CONSOLE(0)] "Error with Permissions-Policy header: Unrecognized feature: 'shared-storage-select-url'.", source:  (0)
[1023/151135.460:INFO:CONSOLE(0)] "Error with Permissions-Policy header: Unrecognized feature: 'private-state-token-redemption'.", source:  (0)
[1023/151135.460:INFO:CONSOLE(0)] "Error with Permissions-Policy header: Unrecognized feature: 'unload'.", source:  (0)
[1023/151135.460:INFO:CONSOLE(0)] "Error with Permissions-Policy header: Unrecognized feature: 'window-management'.", source:  (0)
[1023/151139.725:INFO:CONSOLE(344)] "WAWebLoggerWorker initialized", source: https://static.whatsapp.net/rsrc.php/v3/ya/r/y7P6bNq1kdK.js (344)
[1023/151139.725:INFO:CONSOLE(344)] "[storage] start setSchemaVersions from fts worker interface", source: https://static.whatsapp.net/rsrc.php/v3/ya/r/y7P6bNq1kdK.js (344)
[1023/151139.725:INFO:CONSOLE(344)] "[storage] set schema versions: [model-storage,160,fts-storage,8,jobs-storage,1,lru-media-storage-idb,2,offd-storage,4,qpl-storage,0,signal-storage,6,worker-storage,1,sw,2,wawc,14,wawc_db_enc,2]. is worker? true", source: https://static.whatsapp.net/rsrc.php/v3/ya/r/y7P6bNq1kdK.js (344)
[1023/151143.115:INFO:CONSOLE(344)] "FTS:Delegate: start indexer", source: https://static.whatsapp.net/rsrc.php/v3/ya/r/y7P6bNq1kdK.js (344)
[1023/151143.116:INFO:CONSOLE(344)] "FTS:Delegate: start perform init", source: https://static.whatsapp.net/rsrc.php/v3/ya/r/y7P6bNq1kdK.js (344)
[1023/151143.116:INFO:CONSOLE(344)] "FTS:Delegate: schema versions ready", source: https://static.whatsapp.net/rsrc.php/v3/ya/r/y7P6bNq1kdK.js (344)
[1023/151143.116:INFO:CONSOLE(344)] "FTS:Delegate: before db initialization", source: https://static.whatsapp.net/rsrc.php/v3/ya/r/y7P6bNq1kdK.js (344)
[1023/151143.116:INFO:CONSOLE(344)] "[storage] applying schema versions from [0 to 8] for the database: 'fts-storage'", source: https://static.whatsapp.net/rsrc.php/v3/ya/r/y7P6bNq1kdK.js (344)
[1023/151144.096:INFO:CONSOLE(344)] "[storage] applying schema versions from [0 to 160] for the database: 'model-storage'", source: https://static.whatsapp.net/rsrc.php/v3/ya/r/y7P6bNq1kdK.js (344)
[1023/151147.468:INFO:CONSOLE(344)] "FTS:Delegate: after db initialization", source: https://static.whatsapp.net/rsrc.php/v3/ya/r/y7P6bNq1kdK.js (344)
[1023/151147.471:INFO:CONSOLE(344)] "FTS:Manifest Writer: No changes made, current:['3.1', '1'], latest:['3.1', '1']", source: https://static.whatsapp.net/rsrc.php/v3/ya/r/y7P6bNq1kdK.js (344)
[1023/151147.471:INFO:CONSOLE(344)] "FTS:Delegate: Inited", source: https://static.whatsapp.net/rsrc.php/v3/ya/r/y7P6bNq1kdK.js (344)
[1023/151147.471:INFO:CONSOLE(344)] "FTS:Delegate: Init indexing ops", source: https://static.whatsapp.net/rsrc.php/v3/ya/r/y7P6bNq1kdK.js (344)
[1023/151147.487:INFO:CONSOLE(344)] "FTS:Indexer:indexQueuedBatch: Starting new batch size : 1000", source: https://static.whatsapp.net/rsrc.php/v3/ya/r/y7P6bNq1kdK.js (344)
[1023/151233.174:INFO:CONSOLE(344)] "FTS:Delegate: Error while performing work 'consume', 'DbEncKeyNotLoadedError: MasterDatabaseEncryptionKey.fts_hmac_keys was accessed before init
    at a.d [as constructor] (https://static.whatsapp.net/rsrc.php/v3/ya/r/y7P6bNq1kdK.js:109:217)
    at new a (https://static.whatsapp.net/rsrc.php/v3/ya/r/y7P6bNq1kdK.js:124:4734)
    at a.e.getFtsHMACKey (https://static.whatsapp.net/rsrc.php/v3/ya/r/y7P6bNq1kdK.js:126:6187)
    at a.c.getKey (https://static.whatsapp.net/rsrc.php/v3/ya/r/y7P6bNq1kdK.js:226:1057)
    at a.keyGenFn (https://static.whatsapp.net/rsrc.php/v3/ya/r/y7P6bNq1kdK.js:225:746)
    at a.<anonymous> (https://static.whatsapp.net/rsrc.php/v3/ya/r/y7P6bNq1kdK.js:221:1100)
    at Generator.next (<anonymous>)
    at h (https://static.whatsapp.net/rsrc.php/v3/ya/r/y7P6bNq1kdK.js:105:125)
    at g (https://static.whatsapp.net/rsrc.php/v3/ya/r/y7P6bNq1kdK.js:105:349)
    at https://static.whatsapp.net/rsrc.php/v3/ya/r/y7P6bNq1kdK.js:105:408'", source: https://static.whatsapp.net/rsrc.php/v3/ya/r/y7P6bNq1kdK.js (344)
[1023/151233.175:INFO:CONSOLE(344)] " [object Object]", source: https://static.whatsapp.net/rsrc.php/v3/ya/r/y7P6bNq1kdK.js (344)
[1023/151233.179:INFO:CONSOLE(344)] "FTS:Delegate: Error while performing work 'consume', 'DbEncKeyNotLoadedError: MasterDatabaseEncryptionKey.fts_hmac_keys was accessed before init
    at a.d [as constructor] (https://static.whatsapp.net/rsrc.php/v3/ya/r/y7P6bNq1kdK.js:109:217)
    at new a (https://static.whatsapp.net/rsrc.php/v3/ya/r/y7P6bNq1kdK.js:124:4734)
    at a.e.getFtsHMACKey (https://static.whatsapp.net/rsrc.php/v3/ya/r/y7P6bNq1kdK.js:126:6187)
    at a.c.getKey (https://static.whatsapp.net/rsrc.php/v3/ya/r/y7P6bNq1kdK.js:226:1057)
    at a.keyGenFn (https://static.whatsapp.net/rsrc.php/v3/ya/r/y7P6bNq1kdK.js:225:746)
    at a.<anonymous> (https://static.whatsapp.net/rsrc.php/v3/ya/r/y7P6bNq1kdK.js:221:1100)
    at Generator.next (<anonymous>)
    at h (https://static.whatsapp.net/rsrc.php/v3/ya/r/y7P6bNq1kdK.js:105:125)
    at g (https://static.whatsapp.net/rsrc.php/v3/ya/r/y7P6bNq1kdK.js:105:349)
    at https://static.whatsapp.net/rsrc.php/v3/ya/r/y7P6bNq1kdK.js:105:408'", source: https://static.whatsapp.net/rsrc.php/v3/ya/r/y7P6bNq1kdK.js (344)
[1023/151233.179:INFO:CONSOLE(344)] " [object Object]", source: https://static.whatsapp.net/rsrc.php/v3/ya/r/y7P6bNq1kdK.js (344)
[1023/151233.179:INFO:CONSOLE(0)] "Uncaught (in promise) DbEncKeyNotLoadedError: MasterDatabaseEncryptionKey.fts_hmac_keys was accessed before init", source: https://web.whatsapp.com/static_resources/webworker_v1/init_script/?__hs=20019.HYP%3Awhatsapp_comet_pkg.2.1..0.1&__spin_r=1017597121&__spin_b=trunk&__spin_t=1729710695 (0)
[1023/151234.168:INFO:CONSOLE(65)] "Uncaught (in promise) Invariant Violation: Minified invariant #56367; %s", source: https://static.whatsapp.net/rsrc.php/v3/yZ/r/g2368KoEPct.js (65)
[1023/151234.399:INFO:CONSOLE(0)] "Error with Permissions-Policy header: Feature xr-spatial-tracking's parameters are ignored.", source:  (0)
[1023/151234.399:INFO:CONSOLE(0)] "Error with Permissions-Policy header: Origin trial controlled feature not enabled: 'attribution-reporting'.", source:  (0)
[1023/151234.399:INFO:CONSOLE(0)] "Error with Permissions-Policy header: Unrecognized feature: 'bluetooth'.", source:  (0)
[1023/151234.399:INFO:CONSOLE(0)] "Error with Permissions-Policy header: Unrecognized feature: 'ch-save-data'.", source:  (0)
[1023/151234.399:INFO:CONSOLE(0)] "Error with Permissions-Policy header: Origin trial controlled feature not enabled: 'ch-viewport-height'.", source:  (0)
[1023/151234.399:INFO:CONSOLE(0)] "Error with Permissions-Policy header: Unrecognized feature: 'compute-pressure'.", source:  (0)
[1023/151234.399:INFO:CONSOLE(0)] "Error with Permissions-Policy header: Unrecognized feature: 'gamepad'.", source:  (0)
[1023/151234.400:INFO:CONSOLE(0)] "Error with Permissions-Policy header: Unrecognized feature: 'interest-cohort'.", source:  (0)
[1023/151234.400:INFO:CONSOLE(0)] "Error with Permissions-Policy header: Unrecognized feature: 'local-fonts'.", source:  (0)
[1023/151234.400:INFO:CONSOLE(0)] "Error with Permissions-Policy header: Unrecognized feature: 'private-state-token-issuance'.", source:  (0)
[1023/151234.400:INFO:CONSOLE(0)] "Error with Permissions-Policy header: Unrecognized feature: 'shared-storage'.", source:  (0)
[1023/151234.400:INFO:CONSOLE(0)] "Error with Permissions-Policy header: Unrecognized feature: 'shared-storage-select-url'.", source:  (0)
[1023/151234.400:INFO:CONSOLE(0)] "Error with Permissions-Policy header: Unrecognized feature: 'private-state-token-redemption'.", source:  (0)
[1023/151234.400:INFO:CONSOLE(0)] "Error with Permissions-Policy header: Unrecognized feature: 'unload'.", source:  (0)
[1023/151234.400:INFO:CONSOLE(0)] "Error with Permissions-Policy header: Unrecognized feature: 'window-management'.", source:  (0)
[1023/151236.294:INFO:CONSOLE(344)] "WAWebLoggerWorker initialized", source: https://static.whatsapp.net/rsrc.php/v3/ya/r/y7P6bNq1kdK.js (344)
[1023/151236.294:INFO:CONSOLE(344)] "[storage] start setSchemaVersions from fts worker interface", source: https://static.whatsapp.net/rsrc.php/v3/ya/r/y7P6bNq1kdK.js (344)
[1023/151236.294:INFO:CONSOLE(344)] "[storage] set schema versions: [model-storage,160,fts-storage,8,jobs-storage,1,lru-media-storage-idb,2,offd-storage,4,qpl-storage,0,signal-storage,6,worker-storage,1,sw,2,wawc,14,wawc_db_enc,2]. is worker? true", source: https://static.whatsapp.net/rsrc.php/v3/ya/r/y7P6bNq1kdK.js (344)
[1023/151344.977:INFO:CONSOLE(123)] "Event handler of 'x-storagemutated-1' event must be added on the initial evaluation of worker script.", source: https://static.whatsapp.net/rsrc.php/v3/yy/r/bSIryC6mtFk.js (123)
[1023/151346.851:INFO:CONSOLE(344)] "FTS:Delegate: start indexer", source: https://static.whatsapp.net/rsrc.php/v3/ya/r/y7P6bNq1kdK.js (344)
[1023/151346.851:INFO:CONSOLE(344)] "FTS:Delegate: start perform init", source: https://static.whatsapp.net/rsrc.php/v3/ya/r/y7P6bNq1kdK.js (344)
[1023/151346.852:INFO:CONSOLE(344)] "FTS:Delegate: schema versions ready", source: https://static.whatsapp.net/rsrc.php/v3/ya/r/y7P6bNq1kdK.js (344)
[1023/151346.852:INFO:CONSOLE(344)] "FTS:Delegate: before db initialization", source: https://static.whatsapp.net/rsrc.php/v3/ya/r/y7P6bNq1kdK.js (344)
[1023/151346.852:INFO:CONSOLE(344)] "[storage] applying schema versions from [0 to 8] for the database: 'fts-storage'", source: https://static.whatsapp.net/rsrc.php/v3/ya/r/y7P6bNq1kdK.js (344)
[1023/151346.887:INFO:CONSOLE(344)] "[storage] applying schema versions from [0 to 160] for the database: 'model-storage'", source: https://static.whatsapp.net/rsrc.php/v3/ya/r/y7P6bNq1kdK.js (344)
[1023/151349.178:INFO:CONSOLE(344)] "FTS:Delegate: after db initialization", source: https://static.whatsapp.net/rsrc.php/v3/ya/r/y7P6bNq1kdK.js (344)
[1023/151349.184:INFO:CONSOLE(344)] "FTS:Manifest Writer: Set current version to ['3.1', '1']", source: https://static.whatsapp.net/rsrc.php/v3/ya/r/y7P6bNq1kdK.js (344)
[1023/151349.185:INFO:CONSOLE(344)] "FTS:Delegate: Inited", source: https://static.whatsapp.net/rsrc.php/v3/ya/r/y7P6bNq1kdK.js (344)
[1023/151349.185:INFO:CONSOLE(344)] "FTS:Delegate: Init indexing ops", source: https://static.whatsapp.net/rsrc.php/v3/ya/r/y7P6bNq1kdK.js (344)
[1023/151349.195:INFO:CONSOLE(344)] "Current message batch is from entry 0 of 0...", source: https://static.whatsapp.net/rsrc.php/v3/ya/r/y7P6bNq1kdK.js (344)
[1023/151349.197:INFO:CONSOLE(344)] "FTS:Indexer:indexQueuedBatch: Starting new batch size : 1000", source: https://static.whatsapp.net/rsrc.php/v3/ya/r/y7P6bNq1kdK.js (344)
[1023/151349.201:INFO:CONSOLE(344)] "FTS:Indexer:indexQueuedBatch: Completed", source: https://static.whatsapp.net/rsrc.php/v3/ya/r/y7P6bNq1kdK.js (344)
[1023/151351.938:INFO:CONSOLE(344)] "FTS:Indexer:indexQueuedBatch: Starting new batch size : 1000", source: https://static.whatsapp.net/rsrc.php/v3/ya/r/y7P6bNq1kdK.js (344)
[1023/151354.983:INFO:CONSOLE(344)] "FTS:Indexer:indexQueuedBatch: Completed", source: https://static.whatsapp.net/rsrc.php/v3/ya/r/y7P6bNq1kdK.js (344)
[1023/151356.467:INFO:CONSOLE(344)] "FTS:Indexer:indexQueuedBatch: Starting new batch size : 1000", source: https://static.whatsapp.net/rsrc.php/v3/ya/r/y7P6bNq1kdK.js (344)
[1023/151431.440:INFO:CONSOLE(344)] "FTS:Indexer:indexQueuedBatch: Completed batch", source: https://static.whatsapp.net/rsrc.php/v3/ya/r/y7P6bNq1kdK.js (344)
[1023/151514.632:ERROR:cache_util_win.cc(20)] Unable to move the cache: Acceso denegado. (0x5)
[1023/151514.633:ERROR:cache_util.cc(146)] Unable to move cache folder C:\Users\angel\Projects\Bosque marino\bosque-api\.wwebjs_auth\session\Default\GPUCache to C:\Users\angel\Projects\Bosque marino\bosque-api\.wwebjs_auth\session\Default\old_GPUCache_000
[1023/151514.633:ERROR:disk_cache.cc(192)] Unable to create cache
[1023/151514.633:ERROR:shader_disk_cache.cc(612)] Shader Cache Creation failed: -2
[1023/151516.662:ERROR:cache_util_win.cc(20)] Unable to move the cache: Acceso denegado. (0x5)
[1023/151516.663:ERROR:cache_util.cc(146)] Unable to move cache folder C:\Users\angel\Projects\Bosque marino\bosque-api\.wwebjs_auth\session\Default\Cache\Cache_Data to C:\Users\angel\Projects\Bosque marino\bosque-api\.wwebjs_auth\session\Default\Cache\old_Cache_Data_000
[1023/151516.663:ERROR:disk_cache.cc(192)] Unable to create cache
[1023/151516.959:ERROR:cache_util_win.cc(20)] Unable to move the cache: Acceso denegado. (0x5)
[1023/151516.960:ERROR:cache_util.cc(146)] Unable to move cache folder C:\Users\angel\Projects\Bosque marino\bosque-api\.wwebjs_auth\session\Default\GPUCache to C:\Users\angel\Projects\Bosque marino\bosque-api\.wwebjs_auth\session\Default\old_GPUCache_000
[1023/151516.960:ERROR:disk_cache.cc(192)] Unable to create cache
[1023/151516.960:ERROR:shader_disk_cache.cc(612)] Shader Cache Creation failed: -2
[1023/151517.101:INFO:CONSOLE(0)] "Error with Permissions-Policy header: Feature xr-spatial-tracking's parameters are ignored.", source:  (0)
[1023/151517.101:INFO:CONSOLE(0)] "Error with Permissions-Policy header: Origin trial controlled feature not enabled: 'attribution-reporting'.", source:  (0)
[1023/151517.101:INFO:CONSOLE(0)] "Error with Permissions-Policy header: Unrecognized feature: 'bluetooth'.", source:  (0)
[1023/151517.101:INFO:CONSOLE(0)] "Error with Permissions-Policy header: Unrecognized feature: 'ch-save-data'.", source:  (0)
[1023/151517.101:INFO:CONSOLE(0)] "Error with Permissions-Policy header: Origin trial controlled feature not enabled: 'ch-viewport-height'.", source:  (0)
[1023/151517.101:INFO:CONSOLE(0)] "Error with Permissions-Policy header: Unrecognized feature: 'compute-pressure'.", source:  (0)
[1023/151517.102:INFO:CONSOLE(0)] "Error with Permissions-Policy header: Unrecognized feature: 'gamepad'.", source:  (0)
[1023/151517.102:INFO:CONSOLE(0)] "Error with Permissions-Policy header: Unrecognized feature: 'interest-cohort'.", source:  (0)
[1023/151517.102:INFO:CONSOLE(0)] "Error with Permissions-Policy header: Unrecognized feature: 'local-fonts'.", source:  (0)
[1023/151517.102:INFO:CONSOLE(0)] "Error with Permissions-Policy header: Unrecognized feature: 'private-state-token-issuance'.", source:  (0)
[1023/151517.102:INFO:CONSOLE(0)] "Error with Permissions-Policy header: Unrecognized feature: 'shared-storage'.", source:  (0)
[1023/151517.102:INFO:CONSOLE(0)] "Error with Permissions-Policy header: Unrecognized feature: 'shared-storage-select-url'.", source:  (0)
[1023/151517.102:INFO:CONSOLE(0)] "Error with Permissions-Policy header: Unrecognized feature: 'private-state-token-redemption'.", source:  (0)
[1023/151517.102:INFO:CONSOLE(0)] "Error with Permissions-Policy header: Unrecognized feature: 'unload'.", source:  (0)
[1023/151517.102:INFO:CONSOLE(0)] "Error with Permissions-Policy header: Unrecognized feature: 'window-management'.", source:  (0)
[1023/151517.663:ERROR:service_worker_storage.cc(1904)] Failed to delete the database: Database IO error
[1023/151523.755:ERROR:quota_database.cc(823)] Could not open the quota database, resetting.
[1023/151525.494:ERROR:cache_util_win.cc(20)] Unable to move the cache: Acceso denegado. (0x5)
[1023/151525.495:ERROR:cache_util.cc(146)] Unable to move cache folder C:\Users\angel\Projects\Bosque marino\bosque-api\.wwebjs_auth\session\Default\GPUCache to C:\Users\angel\Projects\Bosque marino\bosque-api\.wwebjs_auth\session\Default\old_GPUCache_000
[1023/151525.495:ERROR:disk_cache.cc(192)] Unable to create cache
[1023/151525.495:ERROR:shader_disk_cache.cc(612)] Shader Cache Creation failed: -2
[1023/151526.704:ERROR:quota_database.cc(825)] Failed to reset the quota database.
[1023/151527.543:ERROR:cache_util_win.cc(20)] Unable to move the cache: Acceso denegado. (0x5)
[1023/151527.543:ERROR:cache_util.cc(146)] Unable to move cache folder C:\Users\angel\Projects\Bosque marino\bosque-api\.wwebjs_auth\session\Default\Cache\Cache_Data to C:\Users\angel\Projects\Bosque marino\bosque-api\.wwebjs_auth\session\Default\Cache\old_Cache_Data_000
[1023/151527.543:ERROR:disk_cache.cc(192)] Unable to create cache
[1023/151527.859:ERROR:cache_util_win.cc(20)] Unable to move the cache: Acceso denegado. (0x5)
[1023/151527.859:ERROR:cache_util.cc(146)] Unable to move cache folder C:\Users\angel\Projects\Bosque marino\bosque-api\.wwebjs_auth\session\Default\GPUCache to C:\Users\angel\Projects\Bosque marino\bosque-api\.wwebjs_auth\session\Default\old_GPUCache_000
[1023/151527.859:ERROR:disk_cache.cc(192)] Unable to create cache
[1023/151527.859:ERROR:shader_disk_cache.cc(612)] Shader Cache Creation failed: -2
[1023/151527.999:INFO:CONSOLE(0)] "Error with Permissions-Policy header: Feature xr-spatial-tracking's parameters are ignored.", source:  (0)
[1023/151527.999:INFO:CONSOLE(0)] "Error with Permissions-Policy header: Origin trial controlled feature not enabled: 'attribution-reporting'.", source:  (0)
[1023/151527.999:INFO:CONSOLE(0)] "Error with Permissions-Policy header: Unrecognized feature: 'bluetooth'.", source:  (0)
[1023/151527.999:INFO:CONSOLE(0)] "Error with Permissions-Policy header: Unrecognized feature: 'ch-save-data'.", source:  (0)
[1023/151527.999:INFO:CONSOLE(0)] "Error with Permissions-Policy header: Origin trial controlled feature not enabled: 'ch-viewport-height'.", source:  (0)
[1023/151528.000:INFO:CONSOLE(0)] "Error with Permissions-Policy header: Unrecognized feature: 'compute-pressure'.", source:  (0)
[1023/151528.000:INFO:CONSOLE(0)] "Error with Permissions-Policy header: Unrecognized feature: 'gamepad'.", source:  (0)
[1023/151528.000:INFO:CONSOLE(0)] "Error with Permissions-Policy header: Unrecognized feature: 'interest-cohort'.", source:  (0)
[1023/151528.000:INFO:CONSOLE(0)] "Error with Permissions-Policy header: Unrecognized feature: 'local-fonts'.", source:  (0)
[1023/151528.000:INFO:CONSOLE(0)] "Error with Permissions-Policy header: Unrecognized feature: 'private-state-token-issuance'.", source:  (0)
[1023/151528.000:INFO:CONSOLE(0)] "Error with Permissions-Policy header: Unrecognized feature: 'shared-storage'.", source:  (0)
[1023/151528.000:INFO:CONSOLE(0)] "Error with Permissions-Policy header: Unrecognized feature: 'shared-storage-select-url'.", source:  (0)
[1023/151528.000:INFO:CONSOLE(0)] "Error with Permissions-Policy header: Unrecognized feature: 'private-state-token-redemption'.", source:  (0)
[1023/151528.000:INFO:CONSOLE(0)] "Error with Permissions-Policy header: Unrecognized feature: 'unload'.", source:  (0)
[1023/151528.000:INFO:CONSOLE(0)] "Error with Permissions-Policy header: Unrecognized feature: 'window-management'.", source:  (0)
[1023/151528.522:ERROR:service_worker_storage.cc(1904)] Failed to delete the database: Database IO error
[1023/151533.262:INFO:CONSOLE(123)] "Event handler of 'x-storagemutated-1' event must be added on the initial evaluation of worker script.", source: https://static.whatsapp.net/rsrc.php/v3/yy/r/bSIryC6mtFk.js (123)
[1023/151535.666:ERROR:quota_database.cc(823)] Could not open the quota database, resetting.
[1023/151538.836:ERROR:quota_database.cc(825)] Failed to reset the quota database.
[1023/151540.047:INFO:CONSOLE(344)] "FTS:Indexer:indexQueuedBatch: Completed batch", source: https://static.whatsapp.net/rsrc.php/v3/ya/r/y7P6bNq1kdK.js (344)
[1023/151540.992:INFO:CONSOLE(344)] "WAWebLoggerWorker initialized", source: https://static.whatsapp.net/rsrc.php/v3/ya/r/y7P6bNq1kdK.js (344)
[1023/151552.597:INFO:CONSOLE(344)] "WAWebLoggerWorker initialized", source: https://static.whatsapp.net/rsrc.php/v3/ya/r/y7P6bNq1kdK.js (344)
[1023/151612.559:INFO:CONSOLE(123)] "Event handler of 'x-storagemutated-1' event must be added on the initial evaluation of worker script.", source: https://static.whatsapp.net/rsrc.php/v3/yy/r/bSIryC6mtFk.js (123)
[1023/151627.554:INFO:CONSOLE(344)] "FTS:Indexer:indexQueuedBatch: Completed batch", source: https://static.whatsapp.net/rsrc.php/v3/ya/r/y7P6bNq1kdK.js (344)
[1023/151714.046:INFO:CONSOLE(344)] "FTS:Indexer:indexQueuedBatch: Completed batch", source: https://static.whatsapp.net/rsrc.php/v3/ya/r/y7P6bNq1kdK.js (344)
[1023/151758.488:INFO:CONSOLE(123)] "Event handler of 'x-storagemutated-1' event must be added on the initial evaluation of worker script.", source: https://static.whatsapp.net/rsrc.php/v3/yy/r/bSIryC6mtFk.js (123)
[1023/151759.573:INFO:CONSOLE(344)] "FTS:Indexer:indexQueuedBatch: Completed batch", source: https://static.whatsapp.net/rsrc.php/v3/ya/r/y7P6bNq1kdK.js (344)
[1023/151830.376:INFO:CONSOLE(344)] "FTS:Indexer:indexQueuedBatch: Completed batch", source: https://static.whatsapp.net/rsrc.php/v3/ya/r/y7P6bNq1kdK.js (344)
[1023/151847.408:INFO:CONSOLE(339)] "Failed to parse video contentType: video/mp4; codecs=avc1.42000a", source: https://static.whatsapp.net/rsrc.php/v3iHCc4/yT/l/rt/v0pZG4MeW1y.js (339)
[1023/151847.409:INFO:CONSOLE(339)] "Failed to parse video contentType: video/mp4; codecs=hev1.1.6.L93.B0", source: https://static.whatsapp.net/rsrc.php/v3iHCc4/yT/l/rt/v0pZG4MeW1y.js (339)
[1023/151853.069:INFO:CONSOLE(123)] "Event handler of 'x-storagemutated-1' event must be added on the initial evaluation of worker script.", source: https://static.whatsapp.net/rsrc.php/v3/yy/r/bSIryC6mtFk.js (123)
[1023/151910.636:INFO:CONSOLE(344)] "FTS:Indexer:indexQueuedBatch: Completed batch", source: https://static.whatsapp.net/rsrc.php/v3/ya/r/y7P6bNq1kdK.js (344)
[1023/151949.933:INFO:CONSOLE(344)] "FTS:Indexer:indexQueuedBatch: Completed batch", source: https://static.whatsapp.net/rsrc.php/v3/ya/r/y7P6bNq1kdK.js (344)
[1023/152011.827:INFO:CONSOLE(344)] "FTS:Indexer:indexQueuedBatch: Completed batch", source: https://static.whatsapp.net/rsrc.php/v3/ya/r/y7P6bNq1kdK.js (344)
[1023/152101.533:INFO:CONSOLE(344)] "FTS:Indexer:indexQueuedBatch: Completed batch", source: https://static.whatsapp.net/rsrc.php/v3/ya/r/y7P6bNq1kdK.js (344)
[1023/152150.189:INFO:CONSOLE(344)] "FTS:Indexer:indexQueuedBatch: Completed batch", source: https://static.whatsapp.net/rsrc.php/v3/ya/r/y7P6bNq1kdK.js (344)
[1023/152222.974:INFO:CONSOLE(344)] "FTS:Indexer:indexQueuedBatch: Completed batch", source: https://static.whatsapp.net/rsrc.php/v3/ya/r/y7P6bNq1kdK.js (344)
[1023/152250.582:INFO:CONSOLE(344)] "FTS:Indexer:indexQueuedBatch: Completed batch", source: https://static.whatsapp.net/rsrc.php/v3/ya/r/y7P6bNq1kdK.js (344)
[1023/152332.858:INFO:CONSOLE(344)] "FTS:Indexer:indexQueuedBatch: Completed batch", source: https://static.whatsapp.net/rsrc.php/v3/ya/r/y7P6bNq1kdK.js (344)
[1023/152403.857:INFO:CONSOLE(344)] "FTS:Indexer:indexQueuedBatch: Completed batch", source: https://static.whatsapp.net/rsrc.php/v3/ya/r/y7P6bNq1kdK.js (344)
[1023/152432.063:INFO:CONSOLE(344)] "FTS:Indexer:indexQueuedBatch: Completed batch", source: https://static.whatsapp.net/rsrc.php/v3/ya/r/y7P6bNq1kdK.js (344)
[1023/152518.897:INFO:CONSOLE(344)] "FTS:Indexer:indexQueuedBatch: Completed batch", source: https://static.whatsapp.net/rsrc.php/v3/ya/r/y7P6bNq1kdK.js (344)
[1023/152547.204:INFO:CONSOLE(344)] "FTS:Indexer:indexQueuedBatch: Completed batch", source: https://static.whatsapp.net/rsrc.php/v3/ya/r/y7P6bNq1kdK.js (344)
[1023/152622.283:INFO:CONSOLE(344)] "FTS:Indexer:indexQueuedBatch: Completed batch", source: https://static.whatsapp.net/rsrc.php/v3/ya/r/y7P6bNq1kdK.js (344)
[1023/152708.992:INFO:CONSOLE(344)] "FTS:Indexer:indexQueuedBatch: Completed batch", source: https://static.whatsapp.net/rsrc.php/v3/ya/r/y7P6bNq1kdK.js (344)
[1023/152744.081:INFO:CONSOLE(344)] "FTS:Indexer:indexQueuedBatch: Completed batch", source: https://static.whatsapp.net/rsrc.php/v3/ya/r/y7P6bNq1kdK.js (344)
[1023/152815.766:INFO:CONSOLE(344)] "FTS:Indexer:indexQueuedBatch: Completed batch", source: https://static.whatsapp.net/rsrc.php/v3/ya/r/y7P6bNq1kdK.js (344)
[1023/152843.864:INFO:CONSOLE(344)] "FTS:Indexer:indexQueuedBatch: Completed batch", source: https://static.whatsapp.net/rsrc.php/v3/ya/r/y7P6bNq1kdK.js (344)
[1023/152905.116:INFO:CONSOLE(344)] "FTS:Indexer:indexQueuedBatch: Completed batch", source: https://static.whatsapp.net/rsrc.php/v3/ya/r/y7P6bNq1kdK.js (344)
[1023/152905.182:INFO:CONSOLE(344)] "FTS:Indexer:indexQueuedBatch: Completed", source: https://static.whatsapp.net/rsrc.php/v3/ya/r/y7P6bNq1kdK.js (344)
[1023/182646.235:INFO:CONSOLE(123)] "Event handler of 'x-storagemutated-1' event must be added on the initial evaluation of worker script.", source: https://static.whatsapp.net/rsrc.php/v3/yy/r/bSIryC6mtFk.js (123)
[1023/182648.410:INFO:CONSOLE(344)] "App reconnected to chatd, during same session", source: https://static.whatsapp.net/rsrc.php/v3/ya/r/y7P6bNq1kdK.js (344)
[1023/182701.971:INFO:CONSOLE(344)] "FTS:Indexer:indexQueuedBatch: Starting new batch size : 1000", source: https://static.whatsapp.net/rsrc.php/v3/ya/r/y7P6bNq1kdK.js (344)
[1023/182703.647:INFO:CONSOLE(344)] "FTS:Indexer:indexQueuedBatch: Completed batch", source: https://static.whatsapp.net/rsrc.php/v3/ya/r/y7P6bNq1kdK.js (344)
[1023/182703.661:INFO:CONSOLE(344)] "FTS:Indexer:indexQueuedBatch: Completed", source: https://static.whatsapp.net/rsrc.php/v3/ya/r/y7P6bNq1kdK.js (344)
[1023/184019.553:INFO:CONSOLE(344)] "FTS:Indexer:indexQueuedBatch: Starting new batch size : 1000", source: https://static.whatsapp.net/rsrc.php/v3/ya/r/y7P6bNq1kdK.js (344)
[1023/184019.584:INFO:CONSOLE(344)] "FTS:Indexer:indexQueuedBatch: Completed", source: https://static.whatsapp.net/rsrc.php/v3/ya/r/y7P6bNq1kdK.js (344)
[1023/184020.023:INFO:CONSOLE(123)] "Event handler of 'x-storagemutated-1' event must be added on the initial evaluation of worker script.", source: https://static.whatsapp.net/rsrc.php/v3/yy/r/bSIryC6mtFk.js (123)
[1023/184212.695:INFO:CONSOLE(344)] "FTS:Indexer:indexQueuedBatch: Starting new batch size : 1000", source: https://static.whatsapp.net/rsrc.php/v3/ya/r/y7P6bNq1kdK.js (344)
[1023/184212.724:INFO:CONSOLE(344)] "FTS:Indexer:indexQueuedBatch: Completed", source: https://static.whatsapp.net/rsrc.php/v3/ya/r/y7P6bNq1kdK.js (344)
[1023/184432.201:INFO:CONSOLE(344)] "FTS:Indexer:indexQueuedBatch: Starting new batch size : 1000", source: https://static.whatsapp.net/rsrc.php/v3/ya/r/y7P6bNq1kdK.js (344)
[1023/184432.274:INFO:CONSOLE(344)] "FTS:Indexer:indexQueuedBatch: Completed", source: https://static.whatsapp.net/rsrc.php/v3/ya/r/y7P6bNq1kdK.js (344)
[1023/184544.323:INFO:CONSOLE(344)] "FTS:Indexer:indexQueuedBatch: Starting new batch size : 1000", source: https://static.whatsapp.net/rsrc.php/v3/ya/r/y7P6bNq1kdK.js (344)
[1023/184544.360:INFO:CONSOLE(344)] "FTS:Indexer:indexQueuedBatch: Completed", source: https://static.whatsapp.net/rsrc.php/v3/ya/r/y7P6bNq1kdK.js (344)
[1023/184713.261:INFO:CONSOLE(344)] "FTS:Indexer:indexQueuedBatch: Starting new batch size : 1000", source: https://static.whatsapp.net/rsrc.php/v3/ya/r/y7P6bNq1kdK.js (344)
[1023/184714.294:INFO:CONSOLE(344)] "FTS:Indexer:indexQueuedBatch: Completed batch", source: https://static.whatsapp.net/rsrc.php/v3/ya/r/y7P6bNq1kdK.js (344)
[1023/184714.301:INFO:CONSOLE(344)] "FTS:Indexer:indexQueuedBatch: Completed", source: https://static.whatsapp.net/rsrc.php/v3/ya/r/y7P6bNq1kdK.js (344)
[1023/184958.092:INFO:CONSOLE(344)] "FTS:Indexer:indexQueuedBatch: Starting new batch size : 1000", source: https://static.whatsapp.net/rsrc.php/v3/ya/r/y7P6bNq1kdK.js (344)
[1023/184958.122:INFO:CONSOLE(344)] "FTS:Indexer:indexQueuedBatch: Completed", source: https://static.whatsapp.net/rsrc.php/v3/ya/r/y7P6bNq1kdK.js (344)
[1023/184958.616:INFO:CONSOLE(123)] "Event handler of 'x-storagemutated-1' event must be added on the initial evaluation of worker script.", source: https://static.whatsapp.net/rsrc.php/v3/yy/r/bSIryC6mtFk.js (123)
[1023/185119.089:INFO:CONSOLE(344)] "FTS:Indexer:indexQueuedBatch: Starting new batch size : 1000", source: https://static.whatsapp.net/rsrc.php/v3/ya/r/y7P6bNq1kdK.js (344)
[1023/185119.117:INFO:CONSOLE(344)] "FTS:Indexer:indexQueuedBatch: Completed batch", source: https://static.whatsapp.net/rsrc.php/v3/ya/r/y7P6bNq1kdK.js (344)
[1023/185119.117:INFO:CONSOLE(344)] "FTS:Indexer:indexQueuedBatch: Completed", source: https://static.whatsapp.net/rsrc.php/v3/ya/r/y7P6bNq1kdK.js (344)
[1023/185119.585:INFO:CONSOLE(123)] "Event handler of 'x-storagemutated-1' event must be added on the initial evaluation of worker script.", source: https://static.whatsapp.net/rsrc.php/v3/yy/r/bSIryC6mtFk.js (123)
[1023/185120.625:INFO:CONSOLE(344)] "FTS:Indexer:indexQueuedBatch: Starting new batch size : 1000", source: https://static.whatsapp.net/rsrc.php/v3/ya/r/y7P6bNq1kdK.js (344)
[1023/185120.635:INFO:CONSOLE(344)] "FTS:Indexer:indexQueuedBatch: Completed batch", source: https://static.whatsapp.net/rsrc.php/v3/ya/r/y7P6bNq1kdK.js (344)
[1023/185120.639:INFO:CONSOLE(344)] "FTS:Indexer:indexQueuedBatch: Completed", source: https://static.whatsapp.net/rsrc.php/v3/ya/r/y7P6bNq1kdK.js (344)
